2021-08-05T01:45:43.959387Z 0 [Warning] TIMESTAMP with implicit DEFAULT value is deprecated. Please use --explicit_defaults_for_timestamp server option (see documentation for more details).
2021-08-05T01:45:43.979134Z 0 [Warning] Setting lower_case_table_names=2 because file system for /var/lib/mysql/ is case insensitive
2021-08-05T01:45:44.701411Z 0 [Warning] InnoDB: New log files created, LSN=45790
2021-08-05T01:45:45.064776Z 0 [Warning] InnoDB: Creating foreign key constraint system tables.
2021-08-05T01:45:45.080988Z 0 [Warning] No existing UUID has been found, so we assume that this is the first time that this server has been started. Generating a new UUID: d9a8c541-f58e-11eb-9f9d-0242ac130002.
2021-08-05T01:45:45.088374Z 0 [Warning] Gtid table is not ready to be used. Table 'mysql.gtid_executed' cannot be opened.
2021-08-05T01:45:45.815586Z 0 [Warning] A deprecated TLS version TLSv1 is enabled. Please use TLSv1.2 or higher.
2021-08-05T01:45:45.816388Z 0 [Warning] A deprecated TLS version TLSv1.1 is enabled. Please use TLSv1.2 or higher.
2021-08-05T01:45:45.822772Z 0 [Warning] CA certificate ca.pem is self signed.
2021-08-05T01:45:45.920090Z 1 [Warning] root@localhost is created with an empty password ! Please consider switching off the --initialize-insecure option.
2021-08-05T01:45:54.290385Z 0 [Warning] TIMESTAMP with implicit DEFAULT value is deprecated. Please use --explicit_defaults_for_timestamp server option (see documentation for more details).
2021-08-05T01:45:54.297301Z 0 [Note] mysqld (mysqld 5.7.35) starting as process 79 ...
2021-08-05T01:45:54.303574Z 0 [Warning] Setting lower_case_table_names=2 because file system for /var/lib/mysql/ is case insensitive
2021-08-05T01:45:54.308758Z 0 [Note] InnoDB: PUNCH HOLE support available
2021-08-05T01:45:54.309618Z 0 [Note] InnoDB: Mutexes and rw_locks use GCC atomic builtins
2021-08-05T01:45:54.310276Z 0 [Note] InnoDB: Uses event mutexes
2021-08-05T01:45:54.310818Z 0 [Note] InnoDB: GCC builtin __atomic_thread_fence() is used for memory barrier
2021-08-05T01:45:54.311262Z 0 [Note] InnoDB: Compressed tables use zlib 1.2.11
2021-08-05T01:45:54.311921Z 0 [Note] InnoDB: Using Linux native AIO
2021-08-05T01:45:54.312752Z 0 [Note] InnoDB: Number of pools: 1
2021-08-05T01:45:54.313365Z 0 [Note] InnoDB: Using CPU crc32 instructions
2021-08-05T01:45:54.315236Z 0 [Note] InnoDB: Initializing buffer pool, total size = 128M, instances = 1, chunk size = 128M
2021-08-05T01:45:54.324700Z 0 [Note] InnoDB: Completed initialization of buffer pool
2021-08-05T01:45:54.327835Z 0 [Note] InnoDB: If the mysqld execution user is authorized, page cleaner thread priority can be changed. See the man page of setpriority().
2021-08-05T01:45:54.371645Z 0 [Note] InnoDB: Highest supported file format is Barracuda.
2021-08-05T01:45:54.446857Z 0 [Note] InnoDB: Creating shared tablespace for temporary tables
2021-08-05T01:45:54.450150Z 0 [Note] InnoDB: Setting file './ibtmp1' size to 12 MB. Physically writing the file full; Please wait ...
2021-08-05T01:45:54.501882Z 0 [Note] InnoDB: File './ibtmp1' size is now 12 MB.
2021-08-05T01:45:54.506671Z 0 [Note] InnoDB: 96 redo rollback segment(s) found. 96 redo rollback segment(s) are active.
2021-08-05T01:45:54.507345Z 0 [Note] InnoDB: 32 non-redo rollback segment(s) are active.
2021-08-05T01:45:54.508663Z 0 [Note] InnoDB: 5.7.35 started; log sequence number 2749724
2021-08-05T01:45:54.509553Z 0 [Note] InnoDB: Loading buffer pool(s) from /var/lib/mysql/ib_buffer_pool
2021-08-05T01:45:54.509710Z 0 [Note] Plugin 'FEDERATED' is disabled.
2021-08-05T01:45:54.551659Z 0 [Note] Found ca.pem, server-cert.pem and server-key.pem in data directory. Trying to enable SSL support using them.
2021-08-05T01:45:54.552679Z 0 [Note] Skipping generation of SSL certificates as certificate files are present in data directory.
2021-08-05T01:45:54.553376Z 0 [Warning] A deprecated TLS version TLSv1 is enabled. Please use TLSv1.2 or higher.
2021-08-05T01:45:54.553964Z 0 [Warning] A deprecated TLS version TLSv1.1 is enabled. Please use TLSv1.2 or higher.
2021-08-05T01:45:54.551659Z 0 [Note] InnoDB: Buffer pool(s) load completed at 210805 10:45:54
2021-08-05T01:45:54.558777Z 0 [Warning] CA certificate ca.pem is self signed.
2021-08-05T01:45:54.559390Z 0 [Note] Skipping generation of RSA key pair as key files are present in data directory.
2021-08-05T01:45:54.563027Z 0 [Warning] Insecure configuration for --pid-file: Location '/var/run/mysqld' in the path is accessible to all OS users. Consider choosing a different directory.
2021-08-05T01:45:54.778394Z 0 [Note] Event Scheduler: Loaded 0 events
2021-08-05T01:45:54.779305Z 0 [Note] mysqld: ready for connections.
Version: '5.7.35'  socket: '/var/run/mysqld/mysqld.sock'  port: 0  MySQL Community Server (GPL)
2021-08-05T01:45:58.161213Z 0 [Note] Giving 0 client threads a chance to die gracefully
2021-08-05T01:45:58.162376Z 0 [Note] Shutting down slave threads
2021-08-05T01:45:58.163371Z 0 [Note] Forcefully disconnecting 0 remaining clients
2021-08-05T01:45:58.164161Z 0 [Note] Event Scheduler: Purging the queue. 0 events
2021-08-05T01:45:58.165103Z 0 [Note] Binlog end
2021-08-05T01:45:58.169659Z 0 [Note] Shutting down plugin 'ngram'
2021-08-05T01:45:58.171094Z 0 [Note] Shutting down plugin 'partition'
2021-08-05T01:45:58.172106Z 0 [Note] Shutting down plugin 'BLACKHOLE'
2021-08-05T01:45:58.173022Z 0 [Note] Shutting down plugin 'ARCHIVE'
2021-08-05T01:45:58.173927Z 0 [Note] Shutting down plugin 'PERFORMANCE_SCHEMA'
2021-08-05T01:45:58.174882Z 0 [Note] Shutting down plugin 'MRG_MYISAM'
2021-08-05T01:45:58.175784Z 0 [Note] Shutting down plugin 'MyISAM'
2021-08-05T01:45:58.176623Z 0 [Note] Shutting down plugin 'INNODB_SYS_VIRTUAL'
2021-08-05T01:45:58.177330Z 0 [Note] Shutting down plugin 'INNODB_SYS_DATAFILES'
2021-08-05T01:45:58.178047Z 0 [Note] Shutting down plugin 'INNODB_SYS_TABLESPACES'
2021-08-05T01:45:58.178758Z 0 [Note] Shutting down plugin 'INNODB_SYS_FOREIGN_COLS'
2021-08-05T01:45:58.179376Z 0 [Note] Shutting down plugin 'INNODB_SYS_FOREIGN'
2021-08-05T01:45:58.179966Z 0 [Note] Shutting down plugin 'INNODB_SYS_FIELDS'
2021-08-05T01:45:58.180673Z 0 [Note] Shutting down plugin 'INNODB_SYS_COLUMNS'
2021-08-05T01:45:58.181404Z 0 [Note] Shutting down plugin 'INNODB_SYS_INDEXES'
2021-08-05T01:45:58.182183Z 0 [Note] Shutting down plugin 'INNODB_SYS_TABLESTATS'
2021-08-05T01:45:58.182970Z 0 [Note] Shutting down plugin 'INNODB_SYS_TABLES'
2021-08-05T01:45:58.183670Z 0 [Note] Shutting down plugin 'INNODB_FT_INDEX_TABLE'
2021-08-05T01:45:58.184321Z 0 [Note] Shutting down plugin 'INNODB_FT_INDEX_CACHE'
2021-08-05T01:45:58.185030Z 0 [Note] Shutting down plugin 'INNODB_FT_CONFIG'
2021-08-05T01:45:58.185682Z 0 [Note] Shutting down plugin 'INNODB_FT_BEING_DELETED'
2021-08-05T01:45:58.186411Z 0 [Note] Shutting down plugin 'INNODB_FT_DELETED'
2021-08-05T01:45:58.187233Z 0 [Note] Shutting down plugin 'INNODB_FT_DEFAULT_STOPWORD'
2021-08-05T01:45:58.187960Z 0 [Note] Shutting down plugin 'INNODB_METRICS'
2021-08-05T01:45:58.188422Z 0 [Note] Shutting down plugin 'INNODB_TEMP_TABLE_INFO'
2021-08-05T01:45:58.189198Z 0 [Note] Shutting down plugin 'INNODB_BUFFER_POOL_STATS'
2021-08-05T01:45:58.189841Z 0 [Note] Shutting down plugin 'INNODB_BUFFER_PAGE_LRU'
2021-08-05T01:45:58.190616Z 0 [Note] Shutting down plugin 'INNODB_BUFFER_PAGE'
2021-08-05T01:45:58.191186Z 0 [Note] Shutting down plugin 'INNODB_CMP_PER_INDEX_RESET'
2021-08-05T01:45:58.191740Z 0 [Note] Shutting down plugin 'INNODB_CMP_PER_INDEX'
2021-08-05T01:45:58.192111Z 0 [Note] Shutting down plugin 'INNODB_CMPMEM_RESET'
2021-08-05T01:45:58.192664Z 0 [Note] Shutting down plugin 'INNODB_CMPMEM'
2021-08-05T01:45:58.193192Z 0 [Note] Shutting down plugin 'INNODB_CMP_RESET'
2021-08-05T01:45:58.193713Z 0 [Note] Shutting down plugin 'INNODB_CMP'
2021-08-05T01:45:58.194194Z 0 [Note] Shutting down plugin 'INNODB_LOCK_WAITS'
2021-08-05T01:45:58.194781Z 0 [Note] Shutting down plugin 'INNODB_LOCKS'
2021-08-05T01:45:58.195398Z 0 [Note] Shutting down plugin 'INNODB_TRX'
2021-08-05T01:45:58.196141Z 0 [Note] Shutting down plugin 'InnoDB'
2021-08-05T01:45:58.197316Z 0 [Note] InnoDB: FTS optimize thread exiting.
2021-08-05T01:45:58.198204Z 0 [Note] InnoDB: Starting shutdown...
2021-08-05T01:45:58.303069Z 0 [Note] InnoDB: Dumping buffer pool(s) to /var/lib/mysql/ib_buffer_pool
2021-08-05T01:45:58.318214Z 0 [Note] InnoDB: Buffer pool(s) dump completed at 210805 10:45:58
2021-08-05T01:45:59.536290Z 0 [Note] InnoDB: Shutdown completed; log sequence number 12667172
2021-08-05T01:45:59.541124Z 0 [Note] InnoDB: Removed temporary tablespace data file: "ibtmp1"
2021-08-05T01:45:59.541995Z 0 [Note] Shutting down plugin 'MEMORY'
2021-08-05T01:45:59.542892Z 0 [Note] Shutting down plugin 'CSV'
2021-08-05T01:45:59.543700Z 0 [Note] Shutting down plugin 'sha256_password'
2021-08-05T01:45:59.544449Z 0 [Note] Shutting down plugin 'mysql_native_password'
2021-08-05T01:45:59.545386Z 0 [Note] Shutting down plugin 'binlog'
2021-08-05T01:45:59.549816Z 0 [Note] mysqld: Shutdown complete

2021-08-05T01:46:00.357646Z 0 [Warning] TIMESTAMP with implicit DEFAULT value is deprecated. Please use --explicit_defaults_for_timestamp server option (see documentation for more details).
2021-08-05T01:46:00.365164Z 0 [Note] mysqld (mysqld 5.7.35) starting as process 1 ...
2021-08-05T01:46:00.371808Z 0 [Warning] Setting lower_case_table_names=2 because file system for /var/lib/mysql/ is case insensitive
2021-08-05T01:46:00.376172Z 0 [Note] InnoDB: PUNCH HOLE support available
2021-08-05T01:46:00.376837Z 0 [Note] InnoDB: Mutexes and rw_locks use GCC atomic builtins
2021-08-05T01:46:00.377326Z 0 [Note] InnoDB: Uses event mutexes
2021-08-05T01:46:00.377959Z 0 [Note] InnoDB: GCC builtin __atomic_thread_fence() is used for memory barrier
2021-08-05T01:46:00.378498Z 0 [Note] InnoDB: Compressed tables use zlib 1.2.11
2021-08-05T01:46:00.379135Z 0 [Note] InnoDB: Using Linux native AIO
2021-08-05T01:46:00.380006Z 0 [Note] InnoDB: Number of pools: 1
2021-08-05T01:46:00.380657Z 0 [Note] InnoDB: Using CPU crc32 instructions
2021-08-05T01:46:00.382341Z 0 [Note] InnoDB: Initializing buffer pool, total size = 128M, instances = 1, chunk size = 128M
2021-08-05T01:46:00.391740Z 0 [Note] InnoDB: Completed initialization of buffer pool
2021-08-05T01:46:00.394382Z 0 [Note] InnoDB: If the mysqld execution user is authorized, page cleaner thread priority can be changed. See the man page of setpriority().
2021-08-05T01:46:00.437190Z 0 [Note] InnoDB: Highest supported file format is Barracuda.
2021-08-05T01:46:00.515866Z 0 [Note] InnoDB: Creating shared tablespace for temporary tables
2021-08-05T01:46:00.519058Z 0 [Note] InnoDB: Setting file './ibtmp1' size to 12 MB. Physically writing the file full; Please wait ...
2021-08-05T01:46:00.569981Z 0 [Note] InnoDB: File './ibtmp1' size is now 12 MB.
2021-08-05T01:46:00.575028Z 0 [Note] InnoDB: 96 redo rollback segment(s) found. 96 redo rollback segment(s) are active.
2021-08-05T01:46:00.575754Z 0 [Note] InnoDB: 32 non-redo rollback segment(s) are active.
2021-08-05T01:46:00.576960Z 0 [Note] InnoDB: 5.7.35 started; log sequence number 12667172
2021-08-05T01:46:00.577737Z 0 [Note] InnoDB: Loading buffer pool(s) from /var/lib/mysql/ib_buffer_pool
2021-08-05T01:46:00.577921Z 0 [Note] Plugin 'FEDERATED' is disabled.
2021-08-05T01:46:00.599985Z 0 [Note] Found ca.pem, server-cert.pem and server-key.pem in data directory. Trying to enable SSL support using them.
2021-08-05T01:46:00.601179Z 0 [Note] Skipping generation of SSL certificates as certificate files are present in data directory.
2021-08-05T01:46:00.602045Z 0 [Warning] A deprecated TLS version TLSv1 is enabled. Please use TLSv1.2 or higher.
2021-08-05T01:46:00.602956Z 0 [Warning] A deprecated TLS version TLSv1.1 is enabled. Please use TLSv1.2 or higher.
2021-08-05T01:46:00.608904Z 0 [Warning] CA certificate ca.pem is self signed.
2021-08-05T01:46:00.609486Z 0 [Note] Skipping generation of RSA key pair as key files are present in data directory.
2021-08-05T01:46:00.612288Z 0 [Note] Server hostname (bind-address): '*'; port: 3306
2021-08-05T01:46:00.613119Z 0 [Note] IPv6 is available.
2021-08-05T01:46:00.613838Z 0 [Note]   - '::' resolves to '::';
2021-08-05T01:46:00.614438Z 0 [Note] Server socket created on IP: '::'.
2021-08-05T01:46:00.616869Z 0 [Warning] Insecure configuration for --pid-file: Location '/var/run/mysqld' in the path is accessible to all OS users. Consider choosing a different directory.
2021-08-05T01:46:00.643640Z 0 [Note] InnoDB: Buffer pool(s) load completed at 210805 10:46:00
2021-08-05T01:46:00.819398Z 0 [Note] Event Scheduler: Loaded 0 events
2021-08-05T01:46:00.820655Z 0 [Note] mysqld: ready for connections.
Version: '5.7.35'  socket: '/var/run/mysqld/mysqld.sock'  port: 3306  MySQL Community Server (GPL)
2021-08-05T15:03:50.694570Z 0 [Note] Giving 0 client threads a chance to die gracefully
2021-08-06T07:57:34.390767Z 0 [Warning] TIMESTAMP with implicit DEFAULT value is deprecated. Please use --explicit_defaults_for_timestamp server option (see documentation for more details).
2021-08-06T07:57:34.401688Z 0 [Note] mysqld (mysqld 5.7.35) starting as process 1 ...
2021-08-06T07:57:34.418788Z 0 [Warning] Setting lower_case_table_names=2 because file system for /var/lib/mysql/ is case insensitive
2021-08-06T07:57:34.428252Z 0 [Note] InnoDB: PUNCH HOLE support available
2021-08-06T07:57:34.429036Z 0 [Note] InnoDB: Mutexes and rw_locks use GCC atomic builtins
2021-08-06T07:57:34.430019Z 0 [Note] InnoDB: Uses event mutexes
2021-08-06T07:57:34.431349Z 0 [Note] InnoDB: GCC builtin __atomic_thread_fence() is used for memory barrier
2021-08-06T07:57:34.432088Z 0 [Note] InnoDB: Compressed tables use zlib 1.2.11
2021-08-06T07:57:34.432944Z 0 [Note] InnoDB: Using Linux native AIO
2021-08-06T07:57:34.435551Z 0 [Note] InnoDB: Number of pools: 1
2021-08-06T07:57:34.438636Z 0 [Note] InnoDB: Using CPU crc32 instructions
2021-08-06T07:57:34.441428Z 0 [Note] InnoDB: Initializing buffer pool, total size = 128M, instances = 1, chunk size = 128M
2021-08-06T07:57:34.457915Z 0 [Note] InnoDB: Completed initialization of buffer pool
2021-08-06T07:57:34.461921Z 0 [Note] InnoDB: If the mysqld execution user is authorized, page cleaner thread priority can be changed. See the man page of setpriority().
2021-08-06T07:57:34.547096Z 0 [Note] InnoDB: Highest supported file format is Barracuda.
2021-08-06T07:57:34.556706Z 0 [Note] InnoDB: Log scan progressed past the checkpoint lsn 12777383
2021-08-06T07:57:34.557817Z 0 [Note] InnoDB: Doing recovery: scanned up to log sequence number 12777392
2021-08-06T07:57:34.558973Z 0 [Note] InnoDB: Database was not shutdown normally!
2021-08-06T07:57:34.559660Z 0 [Note] InnoDB: Starting crash recovery.
2021-08-06T07:57:34.861221Z 0 [Note] InnoDB: Removed temporary tablespace data file: "ibtmp1"
2021-08-06T07:57:34.861918Z 0 [Note] InnoDB: Creating shared tablespace for temporary tables
2021-08-06T07:57:34.865715Z 0 [Note] InnoDB: Setting file './ibtmp1' size to 12 MB. Physically writing the file full; Please wait ...
2021-08-06T07:57:34.937956Z 0 [Note] InnoDB: File './ibtmp1' size is now 12 MB.
2021-08-06T07:57:34.943202Z 0 [Note] InnoDB: 96 redo rollback segment(s) found. 96 redo rollback segment(s) are active.
2021-08-06T07:57:34.943976Z 0 [Note] InnoDB: 32 non-redo rollback segment(s) are active.
2021-08-06T07:57:34.945398Z 0 [Note] InnoDB: Waiting for purge to start
2021-08-06T07:57:34.996820Z 0 [Note] InnoDB: 5.7.35 started; log sequence number 12777392
2021-08-06T07:57:34.998745Z 0 [Note] InnoDB: Loading buffer pool(s) from /var/lib/mysql/ib_buffer_pool
2021-08-06T07:57:34.999012Z 0 [Note] Plugin 'FEDERATED' is disabled.
2021-08-06T07:57:35.048592Z 0 [Note] Found ca.pem, server-cert.pem and server-key.pem in data directory. Trying to enable SSL support using them.
2021-08-06T07:57:35.049940Z 0 [Note] Skipping generation of SSL certificates as certificate files are present in data directory.
2021-08-06T07:57:35.050866Z 0 [Warning] A deprecated TLS version TLSv1 is enabled. Please use TLSv1.2 or higher.
2021-08-06T07:57:35.051610Z 0 [Warning] A deprecated TLS version TLSv1.1 is enabled. Please use TLSv1.2 or higher.
2021-08-06T07:57:35.065426Z 0 [Note] InnoDB: Buffer pool(s) load completed at 210806 16:57:35
2021-08-06T07:57:35.066097Z 0 [Warning] CA certificate ca.pem is self signed.
2021-08-06T07:57:35.067649Z 0 [Note] Skipping generation of RSA key pair as key files are present in data directory.
2021-08-06T07:57:35.073909Z 0 [Note] Server hostname (bind-address): '*'; port: 3306
2021-08-06T07:57:35.074443Z 0 [Note] IPv6 is available.
2021-08-06T07:57:35.075240Z 0 [Note]   - '::' resolves to '::';
2021-08-06T07:57:35.075980Z 0 [Note] Server socket created on IP: '::'.
2021-08-06T07:57:35.079803Z 0 [Warning] Insecure configuration for --pid-file: Location '/var/run/mysqld' in the path is accessible to all OS users. Consider choosing a different directory.
2021-08-06T07:57:35.393891Z 0 [Note] Event Scheduler: Loaded 0 events
2021-08-06T07:57:35.394914Z 0 [Note] mysqld: ready for connections.
Version: '5.7.35'  socket: '/var/run/mysqld/mysqld.sock'  port: 3306  MySQL Community Server (GPL)
